Turbo Assembler	 Version 4.1	    04/09/17 22:38:35	    Page 1
first.asm



      1	0000			     begin segment ; Сегмент кода программы
      2				     assume cs:	begin, ds:dates, ss: komod
      3	0000			     start:
      4	0000  B8 0000s		     mov ax, dates ; Настройка	DS на	начало сегмента данных
      5	0003  8E D8		     mov ds, ax
      6	0005  B4 09		     mov ah, 9 ; Функция	9 сервиса DOS:
      7	0007  BA 0000r		     mov dx, offset Msg	; вывод строки с указанного
      8	000A  CD 21		     int 21h ; в ds:dx	адреса до символа '$'
      9	000C  B8 4C00		     mov ax, 4c00h ; Завершение программы с	кодом 0
     10	000F  CD 21		     int 21h
     11	0011			     begin ends
     12	0000			     dates segment ; Сегмент данных
     13	0000  48 65 6C 6C 6F 21	20+  Msg db 'Hello! ', 13,10,'$'
     14	      0D 0A 24
     15	000A			     dates ends
     16
     17	0000			     komod segment stack ; Сегмент стека
     18	0000  80*(????)		     dw	128 dup	(?) ; под стек отводится 128 слов
     19	0100			     komod ends
     20				     end Start
Turbo Assembler	 Version 4.1	    04/09/17 22:38:35	    Page 2
Symbol Table




Symbol Name		Type   Value			   Cref	(defined at #)

??DATE			Text   "04/09/17"
??FILENAME		Text   "first	"
??TIME			Text   "22:38:35"
??VERSION		Number 040A
@CPU			Text   0101H
@CURSEG			Text   KOMOD			   #1  #12  #17
@FILENAME		Text   FIRST
@WORDSIZE		Text   2			   #1  #12  #17
MSG			Byte   DATES:0000		   7  #13
START			Near   BEGIN:0000		   #3  20

Groups & Segments	Bit Size Align	Combine	Class	   Cref	(defined at #)

BEGIN			16  0011 Para	none		   #1  2
DATES			16  000A Para	none		   2  4	 #12
KOMOD			16  0100 Para	Stack		   2  #17
