Turbo Assembler	 Version 4.1	    06/03/17 18:43:11	    Page 1
kol3m.asm



      1				     public eqv_with_minus_hundred
      2	0000			     code segment public
      3				     assume cs:	code
      4
      5
      6	0000			     eqv_with_minus_hundred proc near
      7	0000  55		       push bp
      8	0001  8B EC		       mov bp, sp
      9	0003  8B 46 04		       mov ax, [bp + 4]
     10	0006  3D FC18		       cmp ax, -01000d
     11	0009  7C 06		       jnge yes
     12	000B  BA 0000r		       mov dx, offset Da
     13	000E  EB 04 90		       jmp blink_to_end
     14	0011			       yes:
     15	0011  BA 0005r			   mov dx, offset Net
     16	0014			       blink_to_end:
     17	0014  5D		       pop bp
     18	0015  C3		       ret
     19	0016			     endp eqv_with_minus_hundred
     20	0016			     code ends
     21
     22	0000			     data Segment public
     23	0000  44 61 0D 0A 24	     Da	      db 'Da', 13,10,'$'
     24	0005  4E 65 74 0D 0A 24	     Net       db 'Net', 13,10,'$'
     25	000B			     data ends
     26				     end
Turbo Assembler	 Version 4.1	    06/03/17 18:43:11	    Page 2
Symbol Table




Symbol Name		Type   Value			   Cref	(defined at #)

??DATE			Text   "06/03/17"
??FILENAME		Text   "kol3m	"
??TIME			Text   "18:43:11"
??VERSION		Number 040A
@CPU			Text   0101H
@CURSEG			Text   DATA			   #2  #22
@FILENAME		Text   KOL3M
@WORDSIZE		Text   2			   #2  #22
BLINK_TO_END		Near   CODE:0014		   13  #16
DA			Byte   DATA:0000		   12  #23
EQV_WITH_MINUS_HUNDRED	Near   CODE:0000		   1  #6
NET			Byte   DATA:0005		   15  #24
YES			Near   CODE:0011		   11  #14

Groups & Segments	Bit Size Align	Combine	Class	   Cref	(defined at #)

CODE			16  0016 Para	Public		   #2  3
DATA			16  000B Para	Public		   #22
