Turbo Assembler	 Version 4.1	    05/24/17 14:35:16	    Page 1
ksu3.asm



      1				     extrn equal_100
      2				     public InputInt, print
      3	0000			     code segment
      4				     assume cs:	code, ds:data, ss: stek
      5
      6	0000			     InputInt proc near
      7				       ;вывод в ax
      8	0000  53		       push bx
      9	0001  51		       push cx
     10	0002  52		       push dx
     11	0003  56		       push si
     12	0004  BA 0000r		       mov dx,offset strdsc
     13	0007  B4 0A		       mov ah,0Ah
     14	0009  CD 21		       int 21h
     15	000B  B2 0A		       mov dl,0Ah
     16	000D  B4 02		       mov ah,2
     17	000F  CD 21		       int 21h
     18	0011  33 C0		       xor ax,ax
     19	0013  33 C9		       xor cx,cx
     20	0015  8A 0E 0001r	       mov cl,[strdsc+1]
     21	0019  BE 0002r		       mov si,offset strbuf
     22	001C  BB 000A		       mov bx,10
     23	001F			     s1:
     24	001F  F7 E3		       mul bx
     25	0021  8A 14		       mov dl,[si]
     26	0023  46		       inc si
     27	0024  80 EA 30		       sub dl,30h
     28	0027  03 C2		       add ax,dx
     29	0029  E2 F4		       loop s1
     30	002B  5E		       pop si
     31	002C  5A		       pop dx
     32	002D  59		       pop cx
     33	002E  5B		       pop bx
     34	002F  C3		       ret
     35	0030			     InputInt  endp
     36
     37	0030			     print proc	near
     38				     ; поместить строку в dx
     39	0030  B4 09		     mov ah, 9
     40	0032  CD 21		     int 21h
     41	0034  C3		     ret
     42	0035			     print endp
     43
     44	0035			     start:
     45	0035  B8 0000s		       mov ax, data
     46	0038  8E D8		       mov ds, ax
     47	003A  BA 000Er		       lea dx, vvedi
     48	003D  E8 FFF0		       call print
     49	0040  E8 FFBD		       call InputInt
     50	0043  A3 000Ar		       mov tmp1, ax
     51	0046  B8 000Ar		       lea ax, tmp1
     52	0049  BA 000Er		       lea dx, vvedi
     53	004C  E8 FFE1		       call print
     54	004F  E8 FFAE		       call InputInt
     55	0052  A3 000Cr		       mov tmp2, ax
     56	0055  B8 000Cr		       lea ax, tmp2
     57	0058  50		       push ax
Turbo Assembler	 Version 4.1	    05/24/17 14:35:16	    Page 2
ksu3.asm



     58	0059  FF 16 0000e	       call equal_100
     59
     60
     61	005D  B4 09			 mov ah, 9
     62	005F  CD 21			 int 21h
     63	0061  B8 4C00			 mov ax, 4c00h
     64	0064  CD 21			 int 21h
     65
     66
     67	0066			     code ends
     68
     69	0000			     data Segment
     70	0000  06 00		       strdsc	      db 6, 0
     71	0002  06*(??)		       strbuf	      db 6 dup (?)
     72	0008  03E8		       const_thousend dw 3E8h
     73	000A  0000		       tmp1	       dw (?)
     74	000C  0000		       tmp2	       dw (?)
     75	000E  63 68 69 73 6C 6F	20+    vvedi	      db 'chislo dlya x+y == 100?: ', 13,10,'$'
     76	      64 6C 79 61 20 78	2B+
     77	      79 20 3D 3D 20 31	30+
     78	      30 3F 3A 20 0D 0A	24
     79	002A  64 61 0D 0A 24	       da	      db 'da', 13,10,'$'
     80	002F  6E 65 74 0D 0A 24	       net	      db 'net',	13,10,'$'
     81	0035  ????		     Result dw
*Warning* ksu3.asm(78) Missing operand - trailing ? assumed
     82	0037			     data ends
     83
     84	0000			     stek segment stack
     85	0000  80*(????)		       dw 128 dup (?)
     86	0100			     stek ends
     87				     end Start
Turbo Assembler	 Version 4.1	    05/24/17 14:35:16	    Page 3
Symbol Table




Symbol Name		Type   Value			   Cref	(defined at #)

??DATE			Text   "05/24/17"
??FILENAME		Text   "ksu3	"
??TIME			Text   "14:35:16"
??VERSION		Number 040A
@CPU			Text   0101H
@CURSEG			Text   STEK			   #3  #69  #84
@FILENAME		Text   KSU3
@WORDSIZE		Text   2			   #3  #69  #84
CONST_THOUSEND		Word   DATA:0008		   #72
DA			Byte   DATA:002A		   #79
EQUAL_100		Word   ----:---- Extern		   #1  58
INPUTINT		Near   CODE:0000		   2  #6  49  54
NET			Byte   DATA:002F		   #80
PRINT			Near   CODE:0030		   2  #37  48  53
RESULT			Word   DATA:0035		   #81
S1			Near   CODE:001F		   #23	29
START			Near   CODE:0035		   #44	87
STRBUF			Byte   DATA:0002		   21  #71
STRDSC			Byte   DATA:0000		   12  20  #70
TMP1			Word   DATA:000A		   50  51  #73
TMP2			Word   DATA:000C		   55  56  #74
VVEDI			Byte   DATA:000E		   47  52  #75

Groups & Segments	Bit Size Align	Combine	Class	   Cref	(defined at #)

CODE			16  0066 Para	none		   #3  4
DATA			16  0037 Para	none		   4  45  #69
STEK			16  0100 Para	Stack		   4  #84
Turbo Assembler	 Version 4.1	    05/24/17 14:35:16	    Page 4
Error Summary



*Warning* ksu3.asm(78) Missing operand - trailing ? assumed
