Turbo Assembler	 Version 4.1	    04/10/17 15:15:20	    Page 1
lb3_ta~1.asm



      1	0000			     code segment
      2				     assume cs:	code, ds:data, ss: stek
      3
      4	0000			     input proc	near
      5				       ;записывает в	dx
      6	0000  B4 0A		       mov ah, 0Ah
      7	0002  BB 0000r		       LEA bx, str_number
      8	0005  C7 07 0006	       mov [bx], 6
*Warning* lb3_ta~1.asm(8) Argument needs type override
      9	0009  8B D3		       mov dx, bx
     10	000B  CD 21		       int 21h
     11	000D  8B CA		       mov cx, dx
     12
     13	000F  B4 09		       mov ah, 09h
     14	0011  CD 21		       int 21h
     15
     16	0013  C3		       ret
     17
     18	0014			     start:
     19	0014  B8 0000s		       mov ax, data
     20	0017  8E D8		       mov ds, ax
     21	0019  E8 FFE4		       call input
     22
     23	001C  B8 4C00		       mov ax, 4c00h
     24	001F  CD 21		       int 21h
     25	0021			     code ends
     26
     27	0000			     data Segment
     28	0000  ????????????????	       str_number dq
*Warning* lb3_ta~1.asm(28) Missing operand - trailing ?	assumed
     29	0008  0064		       x	  dw 100d
     30	000A  006E		       y	  dw 110d
     31	000C  000000E6		       z	  dd 230d
     32	0010  ????		     Result dw
*Warning* lb3_ta~1.asm(32) Missing operand - trailing ?	assumed
     33	0012			     data ends
     34
     35	0000			     stek segment stack
     36	0000  80*(????)		       dw 128 dup (?)
     37	0100			     stek ends
     38				     end Start
*Warning* lb3_ta~1.asm(38) Open	procedure: INPUT
Turbo Assembler	 Version 4.1	    04/10/17 15:15:20	    Page 2
Symbol Table




Symbol Name		Type   Value			   Cref	(defined at #)

??DATE			Text   "04/10/17"
??FILENAME		Text   "lb3_ta~1"
??TIME			Text   "15:15:20"
??VERSION		Number 040A
@CPU			Text   0101H
@CURSEG			Text   STEK			   #1  #27  #35
@FILENAME		Text   LB3_TA~1
@WORDSIZE		Text   2			   #1  #27  #35
INPUT			Near   CODE:0000		   #4  21
RESULT			Word   DATA:0010		   #32
START			Near   CODE:0014		   #18	38
STR_NUMBER		Qword  DATA:0000		   7  #28
X			Word   DATA:0008		   #29
Y			Word   DATA:000A		   #30
Z			Dword  DATA:000C		   #31

Groups & Segments	Bit Size Align	Combine	Class	   Cref	(defined at #)

CODE			16  0021 Para	none		   #1  2
DATA			16  0012 Para	none		   2  19  #27
STEK			16  0100 Para	Stack		   2  #35
Turbo Assembler	 Version 4.1	    04/10/17 15:15:20	    Page 3
Error Summary



*Warning* lb3_ta~1.asm(8) Argument needs type override
*Warning* lb3_ta~1.asm(28) Missing operand - trailing ?	assumed
*Warning* lb3_ta~1.asm(32) Missing operand - trailing ?	assumed
*Warning* lb3_ta~1.asm(38) Open	procedure: INPUT
