Turbo Assembler	 Version 4.1	    12/15/17 18:57:53	    Page 1
lb4_9.asm



      1	0000			     code segment
      2				     assume cs:	code, ds: data,	ss: stek
      3	0000			     start:
      4	0000  B8 0000s		       mov ax, data
      5	0003  8E D8		       mov ds, ax
      6	0005  BF 0000r		       mov es:di, offset stroka
*Warning* lb4_9.asm(6) ":" operator ignored
      7	0008			       check_space:
      8	0008  8A 05			 mov al, byte ptr[di]
      9	000A  41			 inc cx
     10	000B  3C 20			 cmp al, 32d ;sapce code
     11	000D  75 03			 jne to_end
     12	000F  47			 inc di
     13	0010  EB F6			 jmp check_space
     14	0012			       to_end:
     15					 ; add di, 5
     16	0012  8B D7			 mov dx, di
     17	0014  B4 09			 mov ah, 9
     18	0016  CD 21			 int 21h
     19	0018  B8 4C00			 mov ax, 4c00h
     20	001B  CD 21			 int 21h
     21	001D			     code ends
     22
     23	0000			     data Segment
     24	0000  20 20 20 20 20 20	73+  stroka	  db '	    stroka s nachalnimi	probelami', 13,10,'$'
     25	      74 72 6F 6B 61 20	73+
     26	      20 6E 61 63 68 61	6C+
     27	      6E 69 6D 69 20 70	72+
     28	      6F 62 65 6C 61 6D	69+
     29	      0D 0A 24
     30	0026			     data ends
     31
     32	0000			     stek segment stack
     33	0000  80*(????)		     dw	128 dup	(?)
     34	0100			     stek ends
     35				     end Start
Turbo Assembler	 Version 4.1	    12/15/17 18:57:53	    Page 2
Symbol Table




Symbol Name		Type   Value			   Cref	(defined at #)

??DATE			Text   "12/15/17"
??FILENAME		Text   "lb4_9	"
??TIME			Text   "18:57:53"
??VERSION		Number 040A
@CPU			Text   0101H
@CURSEG			Text   STEK			   #1  #23  #32
@FILENAME		Text   LB4_9
@WORDSIZE		Text   2			   #1  #23  #32
CHECK_SPACE		Near   CODE:0008		   #7  13
START			Near   CODE:0000		   #3  35
STROKA			Byte   DATA:0000		   6  #24
TO_END			Near   CODE:0012		   11  #14

Groups & Segments	Bit Size Align	Combine	Class	   Cref	(defined at #)

CODE			16  001D Para	none		   #1  2
DATA			16  0026 Para	none		   2  4	 #23
STEK			16  0100 Para	Stack		   2  #32
Turbo Assembler	 Version 4.1	    12/15/17 18:57:53	    Page 3
Error Summary



*Warning* lb4_9.asm(6) ":" operator ignored
