Turbo Assembler	 Version 4.1	    05/26/17 23:43:10	    Page 1
mis4_1.asm



      1	0000			     .model Large, PASCAL
      2	0000			     .code
      3				     public max1
      4	0000			     max1 proc near x:dword, n:word, k:word
1     5	0000  55			     PUSH    BP
1     6	0001  8B EC			     MOV     BP,SP
1     7	0003			     @met:
      8	0003  C4 76 08		     les si ,x
      9	0006  8B 56 04		     mov dx ,k
     10	0009  03 F2		     add si ,dx
     11
     12	000B  8B 4E 06		     mov cx, n
     13	000E  8B 04		     mov ax, word ptr [es:si]
*Warning* mis4_1.asm(11) ":" operator ignored
     14
     15	0010			     @func:
     16	0010  8B 1C		     mov bx, word ptr [es:si]
*Warning* mis4_1.asm(14) ":" operator ignored
     17	0012  3B D8		     cmp bx, ax
     18	0014  76 02		     jna @again
     19
     20	0016  8B C3		     mov ax, bx
     21
     22	0018			     @again:
     23	0018  46		     inc si
     24	0019  46		     inc si
     25	001A  E2 F4		     loop @func
1    26	001C  5D			     POP     BP
1    27	001D  C2 0008			     RET     00008h
     28	0020			     max1 endp
     29				     end
Turbo Assembler	 Version 4.1	    05/26/17 23:43:10	    Page 2
Symbol Table




Symbol Name		Type   Value			   Cref	(defined at #)

??DATE			Text   "05/26/17"
??FILENAME		Text   "mis4_1	"
??TIME			Text   "23:43:10"
??VERSION		Number 040A
@32BIT			Text   0			   #1
@AGAIN			Near   MIS4_1_TEXT:0018		   18  #22
@CODE			Text   MIS4_1_TEXT		   #1  #1  #2
@CODESIZE		Text   1			   #1
@CPU			Text   0101H
@CURSEG			Text   MIS4_1_TEXT		   #2
@DATA			Text   DGROUP			   #1
@DATASIZE		Text   1			   #1
@FILENAME		Text   MIS4_1
@FUNC			Near   MIS4_1_TEXT:0010		   #15	25
@INTERFACE		Text   004H			   #1
@MET			Near   MIS4_1_TEXT:0003		   #7
@MODEL			Text   5			   #1
@STACK			Text   DGROUP			   #1
@WORDSIZE		Text   2			   #2
K			Number [DGROUP:BP+0004]		   #4  9
MAX1			Near   MIS4_1_TEXT:0000		   3  #4
N			Number [DGROUP:BP+0006]		   #4  12
X			Number [DGROUP:BP+0008]		   #4  8

Groups & Segments	Bit Size Align	Combine	Class	   Cref	(defined at #)

DGROUP			Group				   #1  1
  _DATA			16  0000 Word	Public	DATA	   #1
MIS4_1_TEXT		16  0020 Word	Public	CODE	   #1  1  #2  2
Turbo Assembler	 Version 4.1	    05/26/17 23:43:10	    Page 3
Error Summary



*Warning* mis4_1.asm(11) ":" operator ignored
*Warning* mis4_1.asm(14) ":" operator ignored
