Turbo Assembler	 Version 4.1	    06/07/17 23:58:40	    Page 1
misb4_1.asm



      1	0000			     .model Large, PASCAL
      2	0000			     .code
      3				     public counting_elem1
      4	0000			     counting_elem1 proc near ThisMas:dword, length_mas:word, elem:word
1     5	0000  55			     PUSH    BP
1     6	0001  8B EC			     MOV     BP,SP
1     7	0003  8B 56 04		     mov dx, elem
      8	0006  8B 4E 06		     mov cx, length_mas
      9	0009  C4 76 08		     les si, ThisMas
     10	000C  BB 0000		     mov bx, 0
     11
     12	000F			     @main:
     13	000F  8B 04		       mov ax, [es:si]
*Warning* misb4_1.asm(11) ":" operator ignored
     14	0011  83 C6 02		       add si, 2
     15	0014  3B C2		       cmp ax, dx
     16	0016  75 01		       jne @m2
     17	0018  43		       inc bx
     18	0019			     @m2:
     19	0019  E2 F4		       loop @main
     20	001B  8B C3		     mov ax, bx
1    21	001D  5D			     POP     BP
1    22	001E  C2 0008			     RET     00008h
     23	0021			     counting_elem1 endp
     24				     end
Turbo Assembler	 Version 4.1	    06/07/17 23:58:40	    Page 2
Symbol Table




Symbol Name		Type   Value			   Cref	(defined at #)

??DATE			Text   "06/07/17"
??FILENAME		Text   "misb4_1	"
??TIME			Text   "23:58:40"
??VERSION		Number 040A
@32BIT			Text   0			   #1
@CODE			Text   MISB4_1_TEXT		   #1  #1  #2
@CODESIZE		Text   1			   #1
@CPU			Text   0101H
@CURSEG			Text   MISB4_1_TEXT		   #2
@DATA			Text   DGROUP			   #1
@DATASIZE		Text   1			   #1
@FILENAME		Text   MISB4_1
@INTERFACE		Text   004H			   #1
@M2			Near   MISB4_1_TEXT:0019	   16  #18
@MAIN			Near   MISB4_1_TEXT:000F	   #12	19
@MODEL			Text   5			   #1
@STACK			Text   DGROUP			   #1
@WORDSIZE		Text   2			   #2
COUNTING_ELEM1		Near   MISB4_1_TEXT:0000	   3  #4
ELEM			Number [DGROUP:BP+0004]		   #4  7
LENGTH_MAS		Number [DGROUP:BP+0006]		   #4  8
THISMAS			Number [DGROUP:BP+0008]		   #4  9

Groups & Segments	Bit Size Align	Combine	Class	   Cref	(defined at #)

DGROUP			Group				   #1  1
  _DATA			16  0000 Word	Public	DATA	   #1
MISB4_1_TEXT		16  0021 Word	Public	CODE	   #1  1  #2  2
Turbo Assembler	 Version 4.1	    06/07/17 23:58:40	    Page 3
Error Summary



*Warning* misb4_1.asm(11) ":" operator ignored
