Turbo Assembler	 Version 4.1	    05/27/17 00:02:15	    Page 1
mix4_2.asm



      1	0000			     code segment byte public
      2				     assume cs:	code
      3				     public max2
      4	0000			     max2 proc near
      5	0000  55		       push bp
      6	0001  8B EC		       mov bp, sp
      7
      8	0003			       @met:
      9	0003  C4 76 08		       les si ,	dword ptr [bp+8]
     10	0006  8B 56 04		       mov dx ,	[bp+4]
     11	0009  03 F2		       add si ,	dx
     12
     13	000B  8B 4E 06		       mov cx, [bp+6]
     14	000E  8B 04		       mov ax, word ptr	[es:si]
*Warning* mix4_2.asm(14) ":" operator ignored
     15
     16	0010			       @func:
     17	0010  8B 1C		       mov bx, word ptr	[es:si]
*Warning* mix4_2.asm(17) ":" operator ignored
     18	0012  3B D8		       cmp bx, ax
     19	0014  76 02		       jna @again
     20
     21	0016  8B C3		       mov ax, bx
     22
     23	0018			       @again:
     24	0018  46		       inc si
     25	0019  46		       inc si
     26	001A  E2 F4		       loop @func
     27	001C  5D		       pop bp
     28	001D  C2 0008		       ret 8
     29	0020			     max2 endp
     30	0020			     Code ends
     31				     end
Turbo Assembler	 Version 4.1	    05/27/17 00:02:15	    Page 2
Symbol Table




Symbol Name		Type   Value			   Cref	(defined at #)

??DATE			Text   "05/27/17"
??FILENAME		Text   "mix4_2	"
??TIME			Text   "00:02:15"
??VERSION		Number 040A
@AGAIN			Near   CODE:0018		   19  #23
@CPU			Text   0101H
@CURSEG			Text   CODE			   #1
@FILENAME		Text   MIX4_2
@FUNC			Near   CODE:0010		   #16	26
@MET			Near   CODE:0003		   #8
@WORDSIZE		Text   2			   #1
MAX2			Near   CODE:0000		   3  #4

Groups & Segments	Bit Size Align	Combine	Class	   Cref	(defined at #)

CODE			16  0020 Byte	Public		   #1  2
Turbo Assembler	 Version 4.1	    05/27/17 00:02:15	    Page 3
Error Summary



*Warning* mix4_2.asm(14) ":" operator ignored
*Warning* mix4_2.asm(17) ":" operator ignored
