Turbo Assembler	 Version 4.1	    05/20/17 22:49:28	    Page 1
NORIK3.asm



      1				     extrn min:near
      2				     public InputInt, OutputMsg
      3	0000			     code segment public
      4				     assume cs:	code, ds:data, ss: stek
      5
      6	0000			     InputInt proc near
      7				       ;вывод в ax
      8	0000  53		       push bx
      9	0001  51		       push cx
     10	0002  52		       push dx
     11	0003  56		       push si
     12	0004  BA 0008r		       mov dx,offset strdsc
     13	0007  B4 0A		       mov ah,0Ah
     14	0009  CD 21		       int 21h
     15	000B  B2 0A		       mov dl,0Ah
     16	000D  B4 02		       mov ah,2
     17	000F  CD 21		       int 21h
     18	0011  33 C0		       xor ax,ax
     19	0013  33 C9		       xor cx,cx
     20	0015  8A 0E 0009r	       mov cl,[strdsc+1]
     21	0019  BE 000Ar		       mov si,offset strbuf
     22	001C  BB 000A		       mov bx,10
     23	001F			     s1:
     24	001F  F7 E3		       mul bx
     25	0021  8A 14		       mov dl,[si]
     26	0023  46		       inc si
     27	0024  80 EA 30		       sub dl,30h
     28	0027  03 C2		       add ax,dx
     29	0029  E2 F4		       loop s1
     30	002B  5E		       pop si
     31	002C  5A		       pop dx
     32	002D  59		       pop cx
     33	002E  5B		       pop bx
     34	002F  C3		       ret
     35	0030			     InputInt  endp
     36
     37	0030			     OutputMsg proc near
     38				     ; поместить строку в dx
     39	0030  B4 09		     mov ah, 9
     40	0032  CD 21		     int 21h
     41	0034  C3		     ret
     42	0035			     OutputMsg endp
     43
     44
     45	0035			     start:
     46	0035  B8 0000s		       mov ax, data
     47	0038  8E D8		       mov ds, ax
     48	003A  BA 0010r		       mov dx, offset opt
     49	003D  E8 FFF0		       call OutputMsg
     50	0040  E8 FFBD		       call InputInt
     51
     52	0043  50		       push ax
     53	0044  BA 0010r		       mov dx, offset opt
     54	0047  E8 FFE6		       call OutputMsg
     55	004A  E8 FFB3		       call InputInt
     56	004D  50		       push ax
     57	004E  E8 0000e		       call min
Turbo Assembler	 Version 4.1	    05/20/17 22:49:28	    Page 2
NORIK3.asm



     58	0051			     code ends
     59
     60	0000			     data Segment public
     61	0000  ????????????????	       str_number dq
*Warning* NORIK3.asm(61) Missing operand - trailing ? assumed
     62	0008  06 00		       strdsc	  db 6,	0
     63	000A  06*(??)		       strbuf	  db 6 dup (?)
     64	0010  56 56 4F 44 20 43	48+    opt	 db 'VVOD CHISLA: ', 13,10,'$'
     65	      49 53 4C 41 3A 20	0D+
     66	      0A 24
     67	0020  4D 49 4E 20 2D 20	31+    min1	  db 'MIN - 1',	13,10,'$'
     68	      0D 0A 24
     69	002A  4D 49 4E 20 2D 20	32+    min2	  db 'MIN - 2',	13,10,'$'
     70	      0D 0A 24
     71	0034  ????		     Result dw
*Warning* NORIK3.asm(67) Missing operand - trailing ? assumed
     72	0036			     data ends
     73
     74	0000			     stek segment public
     75	0000  80*(????)		     stack dw 128 dup (?)
*Warning* NORIK3.asm(71) Reserved word used as symbol: STACK
     76	0100			     stek ends
     77				     end Start
Turbo Assembler	 Version 4.1	    05/20/17 22:49:28	    Page 3
Symbol Table




Symbol Name		Type   Value			   Cref	(defined at #)

??DATE			Text   "05/20/17"
??FILENAME		Text   "NORIK3	"
??TIME			Text   "22:49:28"
??VERSION		Number 040A
@CPU			Text   0101H
@CURSEG			Text   STEK			   #3  #60  #74
@FILENAME		Text   NORIK3
@WORDSIZE		Text   2			   #3  #60  #74
INPUTINT		Near   CODE:0000		   2  #6  50  55
MIN			Near   ----:---- Extern		   #1  57
MIN1			Byte   DATA:0020		   #67
MIN2			Byte   DATA:002A		   #69
OPT			Byte   DATA:0010		   48  53  #64
OUTPUTMSG		Near   CODE:0030		   2  #37  49  54
RESULT			Word   DATA:0034		   #71
S1			Near   CODE:001F		   #23	29
STACK			Word   STEK:0000		   #75
START			Near   CODE:0035		   #45	77
STRBUF			Byte   DATA:000A		   21  #63
STRDSC			Byte   DATA:0008		   12  20  #62
STR_NUMBER		Qword  DATA:0000		   #61

Groups & Segments	Bit Size Align	Combine	Class	   Cref	(defined at #)

CODE			16  0051 Para	Public		   #3  4
DATA			16  0036 Para	Public		   4  46  #60
STEK			16  0100 Para	Public		   4  #74
Turbo Assembler	 Version 4.1	    05/20/17 22:49:28	    Page 4
Error Summary



*Warning* NORIK3.asm(61) Missing operand - trailing ? assumed
*Warning* NORIK3.asm(67) Missing operand - trailing ? assumed
*Warning* NORIK3.asm(71) Reserved word used as symbol: STACK
