Turbo Assembler	 Version 4.1	    05/20/17 22:06:50	    Page 1
PASCAL1.ASM



      1	0000			     code segment byte public
      2				     assume cs:	code
      3				     public find_neg2
      4	0000			     find_neg2 proc near
      5	0000  33 DB		       xor bx, bx
      6	0002  55		       push bp
      7	0003  8B EC		       mov bp, sp
      8
      9	0005  8B 4E 04		       mov cx, [bp + 4]
     10	0008  C4 76 06		       les si, dword ptr [bp + 6]
     11	000B  B6 00		       mov dh, 0
     12
     13	000D			     @main:
     14	000D  8A 14			 mov dl, [es:si]
*Warning* PASCAL1.ASM(14) ":" operator ignored
     15	000F  46			 inc si
     16	0010  0A D2			 or dl,dl
     17	0012  79 01			 jns @m2
     18	0014  43			 inc bx
     19	0015			     @m2:
     20	0015  E2 F6			 loop @main
     21
     22
     23	0017  8B C3			 mov ax, bx
     24	0019  8B EB			 mov bp, bx
     25	001B  5D			 pop bp
     26	001C  C2 0008			 ret 8
     27	001F			     find_neg2 endp
     28	001F			     Code ends
     29				     end
Turbo Assembler	 Version 4.1	    05/20/17 22:06:50	    Page 2
Symbol Table




Symbol Name		Type   Value			   Cref	(defined at #)

??DATE			Text   "05/20/17"
??FILENAME		Text   "PASCAL1	"
??TIME			Text   "22:06:50"
??VERSION		Number 040A
@CPU			Text   0101H
@CURSEG			Text   CODE			   #1
@FILENAME		Text   PASCAL1
@M2			Near   CODE:0015		   17  #19
@MAIN			Near   CODE:000D		   #13	20
@WORDSIZE		Text   2			   #1
FIND_NEG2		Near   CODE:0000		   3  #4

Groups & Segments	Bit Size Align	Combine	Class	   Cref	(defined at #)

CODE			16  001F Byte	Public		   #1  2
Turbo Assembler	 Version 4.1	    05/20/17 22:06:50	    Page 3
Error Summary



*Warning* PASCAL1.ASM(14) ":" operator ignored
