Turbo Assembler	 Version 4.1	    06/05/17 01:07:40	    Page 1
VAD3.asm



      1				     extrn equal_80:near
      2				     public InputInt, print
      3	0000			     code segment
      4				     assume cs:	code, ds:data, ss: stek
      5
      6	0000			     InputInt proc near
      7				       ;вывод в ax
      8	0000  53		       push bx
      9	0001  51		       push cx
     10	0002  52		       push dx
     11	0003  56		       push si
     12	0004  BA 0000r		       mov dx,offset strdsc
     13	0007  B4 0A		       mov ah,0Ah
     14	0009  CD 21		       int 21h
     15	000B  B2 0A		       mov dl,0Ah
     16	000D  B4 02		       mov ah,2
     17	000F  CD 21		       int 21h
     18	0011  33 C0		       xor ax,ax
     19	0013  33 C9		       xor cx,cx
     20	0015  8A 0E 0001r	       mov cl,[strdsc+1]
     21	0019  BE 0002r		       mov si,offset strbuf
     22	001C  BB 000A		       mov bx,10
     23	001F			     s1:
     24	001F  F7 E3		       mul bx
     25	0021  8A 14		       mov dl,[si]
     26	0023  46		       inc si
     27	0024  80 EA 30		       sub dl,30h
     28	0027  03 C2		       add ax,dx
     29	0029  E2 F4		       loop s1
     30	002B  5E		       pop si
     31	002C  5A		       pop dx
     32	002D  59		       pop cx
     33	002E  5B		       pop bx
     34	002F  C3		       ret
     35	0030			     InputInt  endp
     36
     37	0030			     print proc	near
     38				     ; поместить строку в dx
     39	0030  B4 09		     mov ah, 9
     40	0032  CD 21		     int 21h
     41	0034  C3		     ret
     42	0035			     print endp
     43
     44	0035			     start:
     45	0035  B8 0000s		       mov ax, data
     46	0038  8E D8		       mov ds, ax
     47	003A  BA 000Cr		       lea dx, vvedi
     48	003D  E8 FFF0		       call print
     49	0040  E8 FFBD		       call InputInt
     50
     51	0043  A3 0008r		       mov tmp1, ax
     52	0046  B8 0008r		       lea ax, tmp1
     53	0049  50		       push ax
     54
     55	004A  BA 000Cr		       lea dx, vvedi
     56	004D  E8 FFE0		       call print
     57	0050  E8 FFAD		       call InputInt
Turbo Assembler	 Version 4.1	    06/05/17 01:07:40	    Page 2
VAD3.asm



     58
     59	0053  A3 000Ar		       mov tmp2, ax
     60	0056  B8 000Ar		       lea ax, tmp2
     61	0059  50		       push ax
     62
     63	005A  E8 0000e		       call equal_80
     64
     65	005D  E8 FFD0		       call print
     66	0060  B8 4C00		       mov ax, 4c00h
     67	0063  CD 21		       int 21h
     68
     69
     70	0065			     code ends
     71
     72	0000			     data Segment public
     73	0000  06 00		       strdsc	      db 6, 0
     74	0002  06*(??)		       strbuf	      db 6 dup (?)
     75	0008  0000		       tmp1	       dw (?)
     76	000A  0000		       tmp2	       dw (?)
     77	000C  63 68 69 73 6C 6F	20+    vvedi	      db 'chislo dlya x+y > 80?: ', 13,10,'$'
     78	      64 6C 79 61 20 78	2B+
     79	      79 20 3E 20 38 30	3F+
     80	      3A 20 0D 0A 24
     81	0026			     data ends
     82
     83	0000			     stek segment stack
     84	0000  80*(????)		     dw	128 dup	(?)
     85	0100			     stek ends
     86				     end Start
Turbo Assembler	 Version 4.1	    06/05/17 01:07:40	    Page 3
Symbol Table




Symbol Name		Type   Value			   Cref	(defined at #)

??DATE			Text   "06/05/17"
??FILENAME		Text   "VAD3	"
??TIME			Text   "01:07:40"
??VERSION		Number 040A
@CPU			Text   0101H
@CURSEG			Text   STEK			   #3  #72  #83
@FILENAME		Text   VAD3
@WORDSIZE		Text   2			   #3  #72  #83
EQUAL_80		Near   ----:---- Extern		   #1  63
INPUTINT		Near   CODE:0000		   2  #6  49  57
PRINT			Near   CODE:0030		   2  #37  48  56  65
S1			Near   CODE:001F		   #23	29
START			Near   CODE:0035		   #44	86
STRBUF			Byte   DATA:0002		   21  #74
STRDSC			Byte   DATA:0000		   12  20  #73
TMP1			Word   DATA:0008		   51  52  #75
TMP2			Word   DATA:000A		   59  60  #76
VVEDI			Byte   DATA:000C		   47  55  #77

Groups & Segments	Bit Size Align	Combine	Class	   Cref	(defined at #)

CODE			16  0065 Para	none		   #3  4
DATA			16  0026 Para	Public		   4  45  #72
STEK			16  0100 Para	Stack		   4  #83
