Turbo Assembler	 Version 4.1	    06/05/17 01:11:20	    Page 1
VAD3m.asm



      1				     public equal_80
      2	0000			     code segment
      3				     assume cs:	code
      4	0000			     equal_80 proc near
      5
      6	0000  55		       push bp
      7	0001  8B EC		       mov bp, sp
      8	0003  8B 76 04		       mov si, [bp + 4]
      9	0006  8B 04		       mov ax, [si]
     10	0008  8B 76 06		       mov si, [bp + 6]
     11	000B  8B 1C		       mov bx, [si]
     12	000D  03 C3		       add ax, bx
     13	000F  3D 0050		       cmp ax, 80d
     14	0012  77 06		       ja yep
     15	0014  BA 0005r		       lea dx, nope
     16	0017  EB 04 90		       jmp blink_point
     17	001A			       yep:
     18	001A  BA 0000r			 lea dx, ye
     19
     20	001D			       blink_point:
     21	001D  5D		       pop bp
     22	001E  C2 0004		       ret 4
     23	0021			     endp equal_80
     24	0021			     code ends
     25
     26	0000			     data Segment public
     27	0000  44 61 0D 0A 24	     ye	      db 'Da', 13,10,'$'
     28	0005  4E 65 74 0D 0A 24	     nope      db 'Net', 13,10,'$'
     29	000B			     data ends
     30				     end
Turbo Assembler	 Version 4.1	    06/05/17 01:11:20	    Page 2
Symbol Table




Symbol Name		Type   Value			   Cref	(defined at #)

??DATE			Text   "06/05/17"
??FILENAME		Text   "VAD3m	"
??TIME			Text   "01:11:20"
??VERSION		Number 040A
@CPU			Text   0101H
@CURSEG			Text   DATA			   #2  #26
@FILENAME		Text   VAD3M
@WORDSIZE		Text   2			   #2  #26
BLINK_POINT		Near   CODE:001D		   16  #20
EQUAL_80		Near   CODE:0000		   1  #4
NOPE			Byte   DATA:0005		   15  #28
YE			Byte   DATA:0000		   18  #27
YEP			Near   CODE:001A		   14  #17

Groups & Segments	Bit Size Align	Combine	Class	   Cref	(defined at #)

CODE			16  0021 Para	none		   #2  3
DATA			16  000B Para	Public		   #26
