Turbo Assembler	 Version 4.1	    04/09/17 22:46:30	    Page 1
with_com.asm



      1	0000			     begin segment
      2				       org 100h
      3				     assume cs:begin, ds:begin
      4	0100			     start:
      5	0100  BA 0109r		       mov dx, offset Msg
      6	0103  B4 09		       mov ah, 9
      7	0105  CD 21		       int 21h
      8	0107  CD 20		       int 20h
      9
     10	0109  48 65 6C 6C 6F 21	0D+  Msg db 'Hello!',13,10,'$'
     11	      0A 24
     12	0112			     Begin ends
     13				       end start
Turbo Assembler	 Version 4.1	    04/09/17 22:46:30	    Page 2
Symbol Table




Symbol Name		Type   Value			   Cref	(defined at #)

??DATE			Text   "04/09/17"
??FILENAME		Text   "with_com"
??TIME			Text   "22:46:30"
??VERSION		Number 040A
@CPU			Text   0101H
@CURSEG			Text   BEGIN			   #1
@FILENAME		Text   WITH_COM
@WORDSIZE		Text   2			   #1
MSG			Byte   BEGIN:0109		   5  #10
START			Near   BEGIN:0100		   #4  13

Groups & Segments	Bit Size Align	Combine	Class	   Cref	(defined at #)

BEGIN			16  0112 Para	none		   #1  3  3
